Сборка начата 15.09.2015 20:40:34.
     1>Проект "C:\Users\Евгений\Desktop\Patterns\Patterns15\TokarevShevelevaKobaleva\oop_kursovaya\oop_kursovaya\oop_kursovaya.vcxproj" в узле 2 (целевые объекты Build).
     1>ClCompile:
         C:\Program Files (x86)\Microsoft Visual Studio 12.0\VC\bin\CL.exe /c /AI"C:\Program Files (x86)\Reference Assemblies\Microsoft\Framework\.NETFramework\v4.5\\" /AI"C:\Program Files (x86)\Windows Kits\8.1\References\CommonConfiguration\Neutral" /AI"C:\Program Files (x86)\Reference Assemblies\Microsoft\Framework\.NETFramework\v4.5\Facades\\" /Zi /clr:pure /nologo /W3 /WX- /O2 /Oy- /D WIN32 /D NDEBUG /D _UNICODE /D UNICODE /EHa /MD /GS /fp:precise /Zc:wchar_t /Zc:forScope /Yc"stdafx.h" /Fp"Release\oop_kursovaya.pch" /Fo"Release\\" /Fd"Release\vc120.pdb" /TP /FU"C:\Program Files (x86)\Reference Assemblies\Microsoft\Framework\.NETFramework\v4.5\mscorlib.dll" /FU"C:\Program Files (x86)\Reference Assemblies\Microsoft\Framework\.NETFramework\v4.5\System.Data.dll" /FU"C:\Program Files (x86)\Reference Assemblies\Microsoft\Framework\.NETFramework\v4.5\System.dll" /FU"C:\Program Files (x86)\Reference Assemblies\Microsoft\Framework\.NETFramework\v4.5\System.Drawing.dll" /FU"C:\Program Files (x86)\Reference Assemblies\Microsoft\Framework\.NETFramework\v4.5\System.Windows.Forms.dll" /FU"C:\Program Files (x86)\Reference Assemblies\Microsoft\Framework\.NETFramework\v4.5\System.Xml.dll" /analyze- /errorReport:prompt /clr:nostdlib stdafx.cpp
         stdafx.cpp
         C:\Program Files (x86)\Microsoft Visual Studio 12.0\VC\bin\CL.exe /c /AI"C:\Program Files (x86)\Reference Assemblies\Microsoft\Framework\.NETFramework\v4.5\\" /AI"C:\Program Files (x86)\Windows Kits\8.1\References\CommonConfiguration\Neutral" /AI"C:\Program Files (x86)\Reference Assemblies\Microsoft\Framework\.NETFramework\v4.5\Facades\\" /Zi /clr:pure /nologo /W3 /WX- /O2 /Oy- /D WIN32 /D NDEBUG /D _UNICODE /D UNICODE /EHa /MD /GS /fp:precise /Zc:wchar_t /Zc:forScope /Yu"stdafx.h" /Fp"Release\oop_kursovaya.pch" /Fo"Release\\" /Fd"Release\vc120.pdb" /TP /FU"C:\Program Files (x86)\Reference Assemblies\Microsoft\Framework\.NETFramework\v4.5\mscorlib.dll" /FU"C:\Program Files (x86)\Reference Assemblies\Microsoft\Framework\.NETFramework\v4.5\System.Data.dll" /FU"C:\Program Files (x86)\Reference Assemblies\Microsoft\Framework\.NETFramework\v4.5\System.dll" /FU"C:\Program Files (x86)\Reference Assemblies\Microsoft\Framework\.NETFramework\v4.5\System.Drawing.dll" /FU"C:\Program Files (x86)\Reference Assemblies\Microsoft\Framework\.NETFramework\v4.5\System.Windows.Forms.dll" /FU"C:\Program Files (x86)\Reference Assemblies\Microsoft\Framework\.NETFramework\v4.5\System.Xml.dll" /analyze- /errorReport:prompt /clr:nostdlib AssemblyInfo.cpp base.cpp machine.cpp oop_kursovaya.cpp square.cpp
         AssemblyInfo.cpp
     1>AssemblyInfo.cpp(40): warning C4947: RequestMinimum: помечен как устаревший
                 Сообщение: "Assembly level declarative security is obsolete and is no longer enforced by the CLR by default. See http://go.microsoft.com/fwlink/?LinkID=155570 for more information."
         base.cpp
         machine.cpp
     1>machine.cpp(97): warning C4800: int: принудительно задано логическое значение "true" или "false" (предупреждение о производительности)
     1>machine.cpp(139): warning C4800: int: принудительно задано логическое значение "true" или "false" (предупреждение о производительности)
         oop_kursovaya.cpp
     1>c:\users\евгений\desktop\patterns\patterns15\tokarevshevelevakobaleva\oop_kursovaya\oop_kursovaya\Form1.h(1736): warning C4244: аргумент: преобразование "time_t" в "unsigned int", возможна потеря данных
     1>c:\users\евгений\desktop\patterns\patterns15\tokarevshevelevakobaleva\oop_kursovaya\oop_kursovaya\Form1.h(1768): warning C4800: int: принудительно задано логическое значение "true" или "false" (предупреждение о производительности)
     1>c:\users\евгений\desktop\patterns\patterns15\tokarevshevelevakobaleva\oop_kursovaya\oop_kursovaya\Form1.h(1776): warning C4244: аргумент: преобразование "time_t" в "unsigned int", возможна потеря данных
     1>c:\users\евгений\desktop\patterns\patterns15\tokarevshevelevakobaleva\oop_kursovaya\oop_kursovaya\Form1.h(1819): warning C4101: buf: неиспользованная локальная переменная
     1>c:\users\евгений\desktop\patterns\patterns15\tokarevshevelevakobaleva\oop_kursovaya\oop_kursovaya\Form1.h(1862): warning C4244: =: преобразование "double" в "int", возможна потеря данных
     1>c:\users\евгений\desktop\patterns\patterns15\tokarevshevelevakobaleva\oop_kursovaya\oop_kursovaya\Form1.h(1922): warning C4800: int: принудительно задано логическое значение "true" или "false" (предупреждение о производительности)
     1>c:\users\евгений\desktop\patterns\patterns15\tokarevshevelevakobaleva\oop_kursovaya\oop_kursovaya\Form1.h(2057): warning C4244: аргумент: преобразование "time_t" в "unsigned int", возможна потеря данных
     1>c:\users\евгений\desktop\patterns\patterns15\tokarevshevelevakobaleva\oop_kursovaya\oop_kursovaya\Form1.h(2186): warning C4244: аргумент: преобразование "time_t" в "unsigned int", возможна потеря данных
         square.cpp
         Создание кода...
     1>c:\users\евгений\desktop\patterns\patterns15\tokarevshevelevakobaleva\oop_kursovaya\oop_kursovaya\base.cpp(25): warning C4715: base::get_lost: значение возвращается не при всех путях выполнения
         C:\Program Files (x86)\Microsoft Visual Studio 12.0\VC\bin\CL.exe /c /Zi /clr:pure /nologo /W3 /WX- /O2 /Oy- /D WIN32 /D NDEBUG /D _UNICODE /D UNICODE /EHa /MD /GS /fp:precise /Zc:wchar_t /Zc:forScope /Fo"Release\\" /Fd"Release\vc120.pdb" /TP /analyze- /errorReport:prompt "C:\Users\Евгений\AppData\Local\Temp\.NETFramework,Version=v4.5.AssemblyAttributes.cpp"
         .NETFramework,Version=v4.5.AssemblyAttributes.cpp
       ResourceCompile:
         C:\Program Files (x86)\Windows Kits\8.1\bin\x86\rc.exe /D _UNICODE /D UNICODE /l"0x0409" /nologo /fo"Release\app.res" app.rc 
       Link:
         C:\Program Files (x86)\Microsoft Visual Studio 12.0\VC\bin\link.exe /ERRORREPORT:PROMPT /OUT:"C:\Users\Евгений\Desktop\Patterns\Patterns15\TokarevShevelevaKobaleva\oop_kursovaya\Release\oop_kursovaya.exe" /INCREMENTAL:NO /NOLOGO /ASSEMBLYRESOURCE:Release\oop_kursovaya.Form1.resources /MANIFEST /MANIFESTUAC:"level='asInvoker' uiAccess='false'" /manifest:embed /DEBUG /PDB:"C:\Users\Евгений\Desktop\Patterns\Patterns15\TokarevShevelevaKobaleva\oop_kursovaya\Release\oop_kursovaya.pdb" /SUBSYSTEM:WINDOWS /TLBID:1 /ENTRY:"main" /DYNAMICBASE /FIXED:NO /NXCOMPAT /MACHINE:X86 /SAFESEH Release\app.res
         Release\AssemblyInfo.obj
         Release\base.obj
         Release\machine.obj
         Release\oop_kursovaya.obj
         Release\square.obj
         Release\stdafx.obj
         "Release\.NETFramework,Version=v4.5.AssemblyAttributes.obj"
     1>LINK : fatal error LNK1207: несовместимый формат PDB в "C:\Users\Евгений\Desktop\Patterns\Patterns15\TokarevShevelevaKobaleva\oop_kursovaya\Release\oop_kursovaya.pdb"; удалите и перестройте
     1>Сборка проекта "C:\Users\Евгений\Desktop\Patterns\Patterns15\TokarevShevelevaKobaleva\oop_kursovaya\oop_kursovaya\oop_kursovaya.vcxproj" завершена (целевые объекты Build) с ошибкой.

Ошибка сборки.

Затраченное время: 00:00:10.37
