C:\USERS\VADIM\DOCUMENTS\VISUAL STUDIO 2010\PROJECTS\OOP_KURSOVAYA\DEBUG\OOP_KURSOVAYA.EXE
C:\USERS\VADIM\DOCUMENTS\VISUAL STUDIO 2010\PROJECTS\OOP_KURSOVAYA\DEBUG\OOP_KURSOVAYA.ILK
C:\USERS\VADIM\DOCUMENTS\VISUAL STUDIO 2010\PROJECTS\OOP_KURSOVAYA\DEBUG\OOP_KURSOVAYA.PDB
C:\USERS\VADIM\DOCUMENTS\VISUAL STUDIO 2010\PROJECTS\OOP_KURSOVAYA\OOP_KURSOVAYA\DEBUG\.NETFRAMEWORK,VERSION=V4.0.ASSEMBLYATTRIBUTES.OBJ
C:\USERS\VADIM\DOCUMENTS\VISUAL STUDIO 2010\PROJECTS\OOP_KURSOVAYA\OOP_KURSOVAYA\DEBUG\APP.RES
C:\USERS\VADIM\DOCUMENTS\VISUAL STUDIO 2010\PROJECTS\OOP_KURSOVAYA\OOP_KURSOVAYA\DEBUG\ASSEMBLYINFO.OBJ
C:\USERS\VADIM\DOCUMENTS\VISUAL STUDIO 2010\PROJECTS\OOP_KURSOVAYA\OOP_KURSOVAYA\DEBUG\BASE.OBJ
C:\Users\Vadim\Documents\Visual Studio 2010\Projects\oop_kursovaya\oop_kursovaya\Debug\cl.command.1.tlog
C:\Users\Vadim\Documents\Visual Studio 2010\Projects\oop_kursovaya\oop_kursovaya\Debug\CL.read.1.tlog
C:\Users\Vadim\Documents\Visual Studio 2010\Projects\oop_kursovaya\oop_kursovaya\Debug\CL.write.1.tlog
C:\Users\Vadim\Documents\Visual Studio 2010\Projects\oop_kursovaya\oop_kursovaya\Debug\GenerateResource.read.1.tlog
C:\Users\Vadim\Documents\Visual Studio 2010\Projects\oop_kursovaya\oop_kursovaya\Debug\GenerateResource.read.61.tlog
C:\Users\Vadim\Documents\Visual Studio 2010\Projects\oop_kursovaya\oop_kursovaya\Debug\GenerateResource.write.1.tlog
C:\Users\Vadim\Documents\Visual Studio 2010\Projects\oop_kursovaya\oop_kursovaya\Debug\GenerateResource.write.61.tlog
C:\Users\Vadim\Documents\Visual Studio 2010\Projects\oop_kursovaya\oop_kursovaya\Debug\link.196.read.1.tlog
C:\Users\Vadim\Documents\Visual Studio 2010\Projects\oop_kursovaya\oop_kursovaya\Debug\link.196.write.1.tlog
C:\Users\Vadim\Documents\Visual Studio 2010\Projects\oop_kursovaya\oop_kursovaya\Debug\link.196-cvtres.read.1.tlog
C:\Users\Vadim\Documents\Visual Studio 2010\Projects\oop_kursovaya\oop_kursovaya\Debug\link.196-cvtres.write.1.tlog
C:\Users\Vadim\Documents\Visual Studio 2010\Projects\oop_kursovaya\oop_kursovaya\Debug\link.3008.read.1.tlog
C:\Users\Vadim\Documents\Visual Studio 2010\Projects\oop_kursovaya\oop_kursovaya\Debug\link.3008.write.1.tlog
C:\Users\Vadim\Documents\Visual Studio 2010\Projects\oop_kursovaya\oop_kursovaya\Debug\link.3008-cvtres.read.1.tlog
C:\Users\Vadim\Documents\Visual Studio 2010\Projects\oop_kursovaya\oop_kursovaya\Debug\link.3008-cvtres.write.1.tlog
C:\Users\Vadim\Documents\Visual Studio 2010\Projects\oop_kursovaya\oop_kursovaya\Debug\link.3436.read.1.tlog
C:\Users\Vadim\Documents\Visual Studio 2010\Projects\oop_kursovaya\oop_kursovaya\Debug\link.3436.write.1.tlog
C:\Users\Vadim\Documents\Visual Studio 2010\Projects\oop_kursovaya\oop_kursovaya\Debug\link.3436-cvtres.read.1.tlog
C:\Users\Vadim\Documents\Visual Studio 2010\Projects\oop_kursovaya\oop_kursovaya\Debug\link.3436-cvtres.write.1.tlog
C:\Users\Vadim\Documents\Visual Studio 2010\Projects\oop_kursovaya\oop_kursovaya\Debug\link.3644.read.1.tlog
C:\Users\Vadim\Documents\Visual Studio 2010\Projects\oop_kursovaya\oop_kursovaya\Debug\link.3644.write.1.tlog
C:\Users\Vadim\Documents\Visual Studio 2010\Projects\oop_kursovaya\oop_kursovaya\Debug\link.3644-cvtres.read.1.tlog
C:\Users\Vadim\Documents\Visual Studio 2010\Projects\oop_kursovaya\oop_kursovaya\Debug\link.3644-cvtres.write.1.tlog
C:\Users\Vadim\Documents\Visual Studio 2010\Projects\oop_kursovaya\oop_kursovaya\Debug\link.4120.read.1.tlog
C:\Users\Vadim\Documents\Visual Studio 2010\Projects\oop_kursovaya\oop_kursovaya\Debug\link.4120.write.1.tlog
C:\Users\Vadim\Documents\Visual Studio 2010\Projects\oop_kursovaya\oop_kursovaya\Debug\link.4120-cvtres.read.1.tlog
C:\Users\Vadim\Documents\Visual Studio 2010\Projects\oop_kursovaya\oop_kursovaya\Debug\link.4120-cvtres.write.1.tlog
C:\Users\Vadim\Documents\Visual Studio 2010\Projects\oop_kursovaya\oop_kursovaya\Debug\link.4288.read.1.tlog
C:\Users\Vadim\Documents\Visual Studio 2010\Projects\oop_kursovaya\oop_kursovaya\Debug\link.4288.write.1.tlog
C:\Users\Vadim\Documents\Visual Studio 2010\Projects\oop_kursovaya\oop_kursovaya\Debug\link.4288-cvtres.read.1.tlog
C:\Users\Vadim\Documents\Visual Studio 2010\Projects\oop_kursovaya\oop_kursovaya\Debug\link.4288-cvtres.write.1.tlog
C:\Users\Vadim\Documents\Visual Studio 2010\Projects\oop_kursovaya\oop_kursovaya\Debug\link.4564.read.1.tlog
C:\Users\Vadim\Documents\Visual Studio 2010\Projects\oop_kursovaya\oop_kursovaya\Debug\link.4564.write.1.tlog
C:\Users\Vadim\Documents\Visual Studio 2010\Projects\oop_kursovaya\oop_kursovaya\Debug\link.4564-cvtres.read.1.tlog
C:\Users\Vadim\Documents\Visual Studio 2010\Projects\oop_kursovaya\oop_kursovaya\Debug\link.4564-cvtres.write.1.tlog
C:\Users\Vadim\Documents\Visual Studio 2010\Projects\oop_kursovaya\oop_kursovaya\Debug\link.4728.read.1.tlog
C:\Users\Vadim\Documents\Visual Studio 2010\Projects\oop_kursovaya\oop_kursovaya\Debug\link.4728.write.1.tlog
C:\Users\Vadim\Documents\Visual Studio 2010\Projects\oop_kursovaya\oop_kursovaya\Debug\link.4728-cvtres.read.1.tlog
C:\Users\Vadim\Documents\Visual Studio 2010\Projects\oop_kursovaya\oop_kursovaya\Debug\link.4728-cvtres.write.1.tlog
C:\Users\Vadim\Documents\Visual Studio 2010\Projects\oop_kursovaya\oop_kursovaya\Debug\link.4908.read.1.tlog
C:\Users\Vadim\Documents\Visual Studio 2010\Projects\oop_kursovaya\oop_kursovaya\Debug\link.4908.write.1.tlog
C:\Users\Vadim\Documents\Visual Studio 2010\Projects\oop_kursovaya\oop_kursovaya\Debug\link.4908-cvtres.read.1.tlog
C:\Users\Vadim\Documents\Visual Studio 2010\Projects\oop_kursovaya\oop_kursovaya\Debug\link.4908-cvtres.write.1.tlog
C:\Users\Vadim\Documents\Visual Studio 2010\Projects\oop_kursovaya\oop_kursovaya\Debug\link.5452.read.1.tlog
C:\Users\Vadim\Documents\Visual Studio 2010\Projects\oop_kursovaya\oop_kursovaya\Debug\link.5452.write.1.tlog
C:\Users\Vadim\Documents\Visual Studio 2010\Projects\oop_kursovaya\oop_kursovaya\Debug\link.5452-cvtres.read.1.tlog
C:\Users\Vadim\Documents\Visual Studio 2010\Projects\oop_kursovaya\oop_kursovaya\Debug\link.5452-cvtres.write.1.tlog
C:\Users\Vadim\Documents\Visual Studio 2010\Projects\oop_kursovaya\oop_kursovaya\Debug\link.5820.read.1.tlog
C:\Users\Vadim\Documents\Visual Studio 2010\Projects\oop_kursovaya\oop_kursovaya\Debug\link.5820.write.1.tlog
C:\Users\Vadim\Documents\Visual Studio 2010\Projects\oop_kursovaya\oop_kursovaya\Debug\link.5820-cvtres.read.1.tlog
C:\Users\Vadim\Documents\Visual Studio 2010\Projects\oop_kursovaya\oop_kursovaya\Debug\link.5820-cvtres.write.1.tlog
C:\Users\Vadim\Documents\Visual Studio 2010\Projects\oop_kursovaya\oop_kursovaya\Debug\link.command.1.tlog
C:\Users\Vadim\Documents\Visual Studio 2010\Projects\oop_kursovaya\oop_kursovaya\Debug\link.read.1.tlog
C:\Users\Vadim\Documents\Visual Studio 2010\Projects\oop_kursovaya\oop_kursovaya\Debug\link.write.1.tlog
C:\USERS\VADIM\DOCUMENTS\VISUAL STUDIO 2010\PROJECTS\OOP_KURSOVAYA\OOP_KURSOVAYA\DEBUG\MACHINE.OBJ
C:\Users\Vadim\Documents\Visual Studio 2010\Projects\oop_kursovaya\oop_kursovaya\Debug\mt.command.1.tlog
C:\Users\Vadim\Documents\Visual Studio 2010\Projects\oop_kursovaya\oop_kursovaya\Debug\mt.read.1.tlog
C:\Users\Vadim\Documents\Visual Studio 2010\Projects\oop_kursovaya\oop_kursovaya\Debug\mt.write.1.tlog
C:\USERS\VADIM\DOCUMENTS\VISUAL STUDIO 2010\PROJECTS\OOP_KURSOVAYA\OOP_KURSOVAYA\DEBUG\OOP_KURSOVAYA.EXE.INTERMEDIATE.MANIFEST
C:\USERS\VADIM\DOCUMENTS\VISUAL STUDIO 2010\PROJECTS\OOP_KURSOVAYA\OOP_KURSOVAYA\DEBUG\OOP_KURSOVAYA.FORM1.RESOURCES
C:\USERS\VADIM\DOCUMENTS\VISUAL STUDIO 2010\PROJECTS\OOP_KURSOVAYA\OOP_KURSOVAYA\DEBUG\OOP_KURSOVAYA.OBJ
C:\USERS\VADIM\DOCUMENTS\VISUAL STUDIO 2010\PROJECTS\OOP_KURSOVAYA\OOP_KURSOVAYA\DEBUG\OOP_KURSOVAYA.PCH
C:\Users\Vadim\Documents\Visual Studio 2010\Projects\oop_kursovaya\oop_kursovaya\Debug\oop_kursovaya.write.1.tlog
C:\Users\Vadim\Documents\Visual Studio 2010\Projects\oop_kursovaya\oop_kursovaya\Debug\rc.command.1.tlog
C:\Users\Vadim\Documents\Visual Studio 2010\Projects\oop_kursovaya\oop_kursovaya\Debug\rc.read.1.tlog
C:\Users\Vadim\Documents\Visual Studio 2010\Projects\oop_kursovaya\oop_kursovaya\Debug\rc.write.1.tlog
C:\USERS\VADIM\DOCUMENTS\VISUAL STUDIO 2010\PROJECTS\OOP_KURSOVAYA\OOP_KURSOVAYA\DEBUG\SQUARE.OBJ
C:\USERS\VADIM\DOCUMENTS\VISUAL STUDIO 2010\PROJECTS\OOP_KURSOVAYA\OOP_KURSOVAYA\DEBUG\STDAFX.OBJ
C:\USERS\VADIM\DOCUMENTS\VISUAL STUDIO 2010\PROJECTS\OOP_KURSOVAYA\OOP_KURSOVAYA\DEBUG\VC100.PDB
