Построение начато 29.12.2013 20:32:44.
     1>Проект "C:\Users\Vadim\Documents\Visual Studio 2010\Projects\oop_kursovaya\oop_kursovaya\oop_kursovaya.vcxproj" в узле 2 (целевые объекты build).
     1>InitializeBuildStatus:
         Создание "Debug\oop_kursovaya.unsuccessfulbuild", так как было задано "AlwaysCreate".
       GenerateTargetFrameworkMonikerAttribute:
       Целевой объект "GenerateTargetFrameworkMonikerAttribute" пропускается, так как все выходные файлы актуальны по отношению к входным.
       ClCompile:
         Для всех выходных данных обновления не требуется.
         C:\Program Files\Microsoft Visual Studio 10.0\VC\bin\CL.exe /c /AI"C:\Program Files\Reference Assemblies\Microsoft\Framework\.NETFramework\v4.0" /Zi /clr:pure /nologo /W3 /WX- /Od /Oy- /D WIN32 /D _DEBUG /D _UNICODE /D UNICODE /EHa /MDd /GS /fp:precise /Zc:wchar_t /Zc:forScope /Yu"StdAfx.h" /Fp"Debug\oop_kursovaya.pch" /Fo"Debug\\" /Fd"Debug\vc100.pdb" /TP /FU"C:\Program Files\Reference Assemblies\Microsoft\Framework\.NETFramework\v4.0\System.Core.dll" /FU"C:\Program Files\Reference Assemblies\Microsoft\Framework\.NETFramework\v4.0\System.Data.dll" /FU"C:\Program Files\Reference Assemblies\Microsoft\Framework\.NETFramework\v4.0\System.dll" /FU"C:\Program Files\Reference Assemblies\Microsoft\Framework\.NETFramework\v4.0\System.Drawing.dll" /FU"C:\Program Files\Reference Assemblies\Microsoft\Framework\.NETFramework\v4.0\System.Windows.Forms.dll" /FU"C:\Program Files\Reference Assemblies\Microsoft\Framework\.NETFramework\v4.0\System.Xml.dll" /analyze- /errorReport:prompt oop_kursovaya.cpp /clr:nostdlib 
         oop_kursovaya.cpp
     1>c:\users\vadim\documents\visual studio 2010\projects\oop_kursovaya\oop_kursovaya\Form1.h(1736): warning C4244: аргумент: преобразование "time_t" в "unsigned int", возможна потеря данных
     1>c:\users\vadim\documents\visual studio 2010\projects\oop_kursovaya\oop_kursovaya\Form1.h(1768): warning C4800: int: принудительно задано логическое значение "true" или "false" (предупреждение о производительности)
     1>c:\users\vadim\documents\visual studio 2010\projects\oop_kursovaya\oop_kursovaya\Form1.h(1776): warning C4244: аргумент: преобразование "time_t" в "unsigned int", возможна потеря данных
     1>c:\users\vadim\documents\visual studio 2010\projects\oop_kursovaya\oop_kursovaya\Form1.h(1819): warning C4101: buf: неиспользованная локальная переменная
     1>c:\users\vadim\documents\visual studio 2010\projects\oop_kursovaya\oop_kursovaya\Form1.h(1862): warning C4244: =: преобразование "double" в "int", возможна потеря данных
     1>c:\users\vadim\documents\visual studio 2010\projects\oop_kursovaya\oop_kursovaya\Form1.h(1922): warning C4800: int: принудительно задано логическое значение "true" или "false" (предупреждение о производительности)
     1>c:\users\vadim\documents\visual studio 2010\projects\oop_kursovaya\oop_kursovaya\Form1.h(2057): warning C4244: аргумент: преобразование "time_t" в "unsigned int", возможна потеря данных
     1>c:\users\vadim\documents\visual studio 2010\projects\oop_kursovaya\oop_kursovaya\Form1.h(2186): warning C4244: аргумент: преобразование "time_t" в "unsigned int", возможна потеря данных
         Для всех выходных данных обновления не требуется.
       CoreResGen:
         Для всех выходных данных обновления не требуется.
       ResourceCompile:
         Для всех выходных данных обновления не требуется.
       Link:
         C:\Program Files\Microsoft Visual Studio 10.0\VC\bin\link.exe /ERRORREPORT:PROMPT /OUT:"C:\Users\Vadim\Documents\Visual Studio 2010\Projects\oop_kursovaya\Debug\oop_kursovaya.exe" /INCREMENTAL /NOLOGO /ASSEMBLYRESOURCE:Debug\oop_kursovaya.Form1.resources /MANIFEST /ManifestFile:"Debug\oop_kursovaya.exe.intermediate.manifest" /MANIFESTUAC:"level='asInvoker' uiAccess='false'" /DEBUG /PDB:"C:\Users\Vadim\Documents\Visual Studio 2010\Projects\oop_kursovaya\Debug\oop_kursovaya.pdb" /ASSEMBLYDEBUG /SUBSYSTEM:WINDOWS /TLBID:1 /ENTRY:"main" /DYNAMICBASE /FIXED:NO /NXCOMPAT /MACHINE:X86 Debug\app.res
         Debug\AssemblyInfo.obj
         Debug\base.obj
         Debug\machine.obj
         Debug\oop_kursovaya.obj
         Debug\square.obj
         Debug\stdafx.obj
         "Debug\.NETFramework,Version=v4.0.AssemblyAttributes.obj"
         oop_kursovaya.vcxproj -> C:\Users\Vadim\Documents\Visual Studio 2010\Projects\oop_kursovaya\Debug\oop_kursovaya.exe
       Manifest:
         C:\Program Files\Microsoft SDKs\Windows\v7.0A\bin\mt.exe /nologo /verbose /outputresource:"C:\Users\Vadim\Documents\Visual Studio 2010\Projects\oop_kursovaya\Debug\oop_kursovaya.exe;#1" /manifest Debug\oop_kursovaya.exe.intermediate.manifest
       FinalizeBuildStatus:
         Файл "Debug\oop_kursovaya.unsuccessfulbuild" удаляется.
         Обращение к "Debug\oop_kursovaya.lastbuildstate".
     1>Построение проекта "C:\Users\Vadim\Documents\Visual Studio 2010\Projects\oop_kursovaya\oop_kursovaya\oop_kursovaya.vcxproj" завершено (целевые объекты build).

Построение успешно завершено.

Затраченное время: 00:00:02.76
